c:\users\user\documents\visual studio 2015\projects\oop_kourse_work\clientapplication\debug\vc140.pdb
c:\users\user\documents\visual studio 2015\projects\oop_kourse_work\clientapplication\debug\transferfile.obj
c:\users\user\documents\visual studio 2015\projects\oop_kourse_work\clientapplication\debug\stringarray.obj
c:\users\user\documents\visual studio 2015\projects\oop_kourse_work\clientapplication\debug\server.obj
c:\users\user\documents\visual studio 2015\projects\oop_kourse_work\clientapplication\debug\sendfile.obj
c:\users\user\documents\visual studio 2015\projects\oop_kourse_work\clientapplication\debug\getfile.obj
c:\users\user\documents\visual studio 2015\projects\oop_kourse_work\clientapplication\debug\filelist.obj
c:\users\user\documents\visual studio 2015\projects\oop_kourse_work\clientapplication\debug\clientform.obj
c:\users\user\documents\visual studio 2015\projects\oop_kourse_work\clientapplication\debug\client.obj
c:\users\user\documents\visual studio 2015\projects\oop_kourse_work\clientapplication\debug\about.obj
c:\users\user\documents\visual studio 2015\projects\oop_kourse_work\clientapplication\debug\.netframework,version=v4.5.2.assemblyattributes.obj
c:\users\user\documents\visual studio 2015\projects\oop_kourse_work\clientapplication\debug\.netframework,version=v4.5.2.assemblyattributes.asm
c:\users\user\documents\visual studio 2015\projects\oop_kourse_work\clientapplication\debug\clientapplication.about.resources
c:\users\user\documents\visual studio 2015\projects\oop_kourse_work\clientapplication\debug\clientapplication.clientform.resources
c:\users\user\documents\visual studio 2015\projects\oop_kourse_work\debug\clientapplication.exe
c:\users\user\documents\visual studio 2015\projects\oop_kourse_work\debug\clientapplication.pdb
c:\users\user\documents\visual studio 2015\projects\oop_kourse_work\clientapplication\debug\clientapplication.vcxproj.generateresource.cache
c:\users\user\documents\visual studio 2015\projects\oop_kourse_work\clientapplication\debug\clientapplication.vcxprojresolveassemblyreference.cache
c:\users\user\documents\visual studio 2015\projects\oop_kourse_work\clientapplication\debug\clientap.c148df5e.tlog\cl.command.1.tlog
c:\users\user\documents\visual studio 2015\projects\oop_kourse_work\clientapplication\debug\clientap.c148df5e.tlog\cl.read.1.tlog
c:\users\user\documents\visual studio 2015\projects\oop_kourse_work\clientapplication\debug\clientap.c148df5e.tlog\cl.write.1.tlog
c:\users\user\documents\visual studio 2015\projects\oop_kourse_work\clientapplication\debug\clientap.c148df5e.tlog\clientapplication.write.1u.tlog
c:\users\user\documents\visual studio 2015\projects\oop_kourse_work\clientapplication\debug\clientap.c148df5e.tlog\link.command.1.tlog
c:\users\user\documents\visual studio 2015\projects\oop_kourse_work\clientapplication\debug\clientap.c148df5e.tlog\link.read.1.tlog
c:\users\user\documents\visual studio 2015\projects\oop_kourse_work\clientapplication\debug\clientap.c148df5e.tlog\link.write.1.tlog
c:\users\user\documents\visual studio 2015\projects\oop_kourse_work\clientapplication\debug\clientap.c148df5e.tlog\metagen.read.1.tlog
c:\users\user\documents\visual studio 2015\projects\oop_kourse_work\clientapplication\debug\clientap.c148df5e.tlog\metagen.write.1.tlog
c:\users\user\documents\visual studio 2015\projects\oop_kourse_work\clientapplication\debug\clientap.c148df5e.tlog\tzres.dll.bi
